<?xml version="1.0" encoding="UTF-8"?>
<!-- Generated by org.testng.reporters.JUnitXMLReporter -->
<testsuite ignored="0" hostname="SwechaAntara" failures="0" tests="3" name="Create Page Test" time="25.874" errors="0" timestamp="2023-07-31T14:07:45 JST">
  <testcase classname="com.qa.wework.tests.CreatePageTest" name="createPageTitleTest" time="0.001"/>
  <testcase classname="com.qa.wework.tests.CreatePageTest" name="createPageBtnExistTest" time="0.001"/>
  <testcase classname="com.qa.wework.tests.CreatePageTest" name="createBlogBtnExistTest" time="0.0"/>
</testsuite> <!-- Create Page Test -->
