<?xml version="1.0" encoding="UTF-8"?>
<!-- Generated by org.testng.reporters.JUnitXMLReporter -->
<testsuite ignored="0" hostname="SwechaAntara" failures="0" tests="3" name="Edit Page Test" time="12.72" errors="0" timestamp="2023-07-31T14:07:32 JST">
  <testcase classname="com.qa.wework.tests.EditPageTest" name="editPageTitleTest" time="0.003"/>
  <testcase classname="com.qa.wework.tests.EditPageTest" name="editPageBtnExistTest" time="0.001"/>
  <testcase classname="com.qa.wework.tests.EditPageTest" name="editBlogBtnExistTest" time="0.002"/>
</testsuite> <!-- Edit Page Test -->
