<?xml version="1.0" encoding="UTF-8"?>
<!-- Generated by org.testng.reporters.JUnitXMLReporter -->
<testsuite ignored="0" hostname="SwechaAntara" failures="0" tests="4" name="Home Page Test" time="11.344" errors="0" timestamp="2023-07-31T14:07:31 JST">
  <testcase classname="com.qa.wework.tests.HomePageTest" name="homePageTitleTest" time="0.086"/>
  <testcase classname="com.qa.wework.tests.HomePageTest" name="getHomePageURLTest" time="0.059"/>
  <testcase classname="com.qa.wework.tests.HomePageTest" name="isSearchBtnExistTest" time="0.259"/>
  <testcase classname="com.qa.wework.tests.HomePageTest" name="searchTest" time="0.457"/>
</testsuite> <!-- Home Page Test -->
