<?xml version="1.0" encoding="UTF-8"?>
<!-- Generated by org.testng.reporters.JUnitXMLReporter -->
<testsuite ignored="0" hostname="SwechaAntara" failures="0" tests="3" name="Default test" time="4.162" errors="0" timestamp="2023-07-31T00:38:54 JST">
  <testcase classname="com.qa.wework.tests.DeletePageTest" name="deletePageTitleTest" time="0.008"/>
  <testcase classname="com.qa.wework.tests.DeletePageTest" name="deletePageBtnExistTest" time="0.002"/>
  <testcase classname="com.qa.wework.tests.DeletePageTest" name="createBlogBtnExistTest" time="0.002"/>
</testsuite> <!-- Default test -->
